2020-10-21T13:45:27-0400 [INFO    ] dandi Traversing remote dandisets (000013) recursively
2020-10-21T13:45:27-0400 [INFO    ] backups2datalad.py Updating metadata file
2020-10-21T13:45:31-0400 [INFO    ] backups2datalad.py Syncing asset /sub-anm101105/sub-anm101105_ses-20100619_behavior+icephys.nwb
2020-10-21T13:45:31-0400 [WARNING ] backups2datalad.py Asset metadata does not include sha256 hash
2020-10-21T13:45:31-0400 [INFO    ] backups2datalad.py Asset not in dataset; will copy
2020-10-21T13:45:31-0400 [INFO    ] backups2datalad.py cp /mnt/backup/dandi/dandiarchive-s3-backup/girder-assetstore/8a/ec/8aecf26c67b4429fb3d1821db3abf59e -> /mnt/backup/dandi/dandisets/000013/sub-anm101105/sub-anm101105_ses-20100619_behavior+icephys.nwb
2020-10-21T13:45:31-0400 [INFO    ] backups2datalad.py Adding asset to dataset
2020-10-21T13:45:33-0400 [INFO    ] backups2datalad.py Adding URL https://dandiarchive.s3.amazonaws.com/girder-assetstore/8a/ec/8aecf26c67b4429fb3d1821db3abf59e?versionId=5bettkHqHkYDzcHHets26vZkp0mDPD5L to asset
2020-10-21T13:45:33-0400 [INFO    ] backups2datalad.py Syncing asset /sub-anm101105/sub-anm101105_ses-20100620_behavior+icephys.nwb
2020-10-21T13:45:33-0400 [WARNING ] backups2datalad.py Asset metadata does not include sha256 hash
2020-10-21T13:45:34-0400 [INFO    ] backups2datalad.py Asset not in dataset; will copy
2020-10-21T13:45:34-0400 [INFO    ] backups2datalad.py cp /mnt/backup/dandi/dandiarchive-s3-backup/girder-assetstore/c6/bf/c6bf0101eedb40e0bb1c9b771b38d31c -> /mnt/backup/dandi/dandisets/000013/sub-anm101105/sub-anm101105_ses-20100620_behavior+icephys.nwb
2020-10-21T13:45:34-0400 [INFO    ] backups2datalad.py Adding asset to dataset
2020-10-21T13:45:36-0400 [INFO    ] backups2datalad.py Adding URL https://dandiarchive.s3.amazonaws.com/girder-assetstore/c6/bf/c6bf0101eedb40e0bb1c9b771b38d31c?versionId=sOwhRjdenOBswRiuGU47qDDPAjkUIu6Q to asset
2020-10-21T13:45:36-0400 [INFO    ] backups2datalad.py Syncing asset /sub-anm101105/sub-anm101105_ses-20100621_behavior+icephys.nwb
2020-10-21T13:45:36-0400 [WARNING ] backups2datalad.py Asset metadata does not include sha256 hash
2020-10-21T13:45:36-0400 [INFO    ] backups2datalad.py Asset not in dataset; will copy
2020-10-21T13:45:36-0400 [INFO    ] backups2datalad.py cp /mnt/backup/dandi/dandiarchive-s3-backup/girder-assetstore/21/d7/21d758fc5fc84144b9da673563363006 -> /mnt/backup/dandi/dandisets/000013/sub-anm101105/sub-anm101105_ses-20100621_behavior+icephys.nwb
2020-10-21T13:45:36-0400 [INFO    ] backups2datalad.py Adding asset to dataset
2020-10-21T13:45:37-0400 [INFO    ] backups2datalad.py Adding URL https://dandiarchive.s3.amazonaws.com/girder-assetstore/21/d7/21d758fc5fc84144b9da673563363006?versionId=vL69jFFXOFscgxf9hZRcQLfeCfVUMwYA to asset
2020-10-21T13:45:38-0400 [INFO    ] backups2datalad.py Syncing asset /sub-anm106211/sub-anm106211_ses-20100925_behavior+icephys.nwb
2020-10-21T13:45:38-0400 [WARNING ] backups2datalad.py Asset metadata does not include sha256 hash
2020-10-21T13:45:38-0400 [INFO    ] backups2datalad.py Asset not in dataset; will copy
2020-10-21T13:45:38-0400 [INFO    ] backups2datalad.py cp /mnt/backup/dandi/dandiarchive-s3-backup/girder-assetstore/80/97/8097291486a7439e889c0b56f9316940 -> /mnt/backup/dandi/dandisets/000013/sub-anm106211/sub-anm106211_ses-20100925_behavior+icephys.nwb
2020-10-21T13:45:38-0400 [INFO    ] backups2datalad.py Adding asset to dataset
2020-10-21T13:45:40-0400 [INFO    ] backups2datalad.py Adding URL https://dandiarchive.s3.amazonaws.com/girder-assetstore/80/97/8097291486a7439e889c0b56f9316940?versionId=TEZJ__w3o1Lb9dhzCDPH.JYHzP8zyZru to asset
2020-10-21T13:45:40-0400 [INFO    ] backups2datalad.py Syncing asset /sub-anm106213/sub-anm106213_ses-20100822_behavior+icephys.nwb
2020-10-21T13:45:40-0400 [WARNING ] backups2datalad.py Asset metadata does not include sha256 hash
2020-10-21T13:45:41-0400 [INFO    ] backups2datalad.py Asset not in dataset; will copy
2020-10-21T13:45:41-0400 [INFO    ] backups2datalad.py cp /mnt/backup/dandi/dandiarchive-s3-backup/girder-assetstore/d2/7c/d27c7ee364e345f0869ee616e185d472 -> /mnt/backup/dandi/dandisets/000013/sub-anm106213/sub-anm106213_ses-20100822_behavior+icephys.nwb
2020-10-21T13:45:41-0400 [INFO    ] backups2datalad.py Adding asset to dataset
2020-10-21T13:45:42-0400 [INFO    ] backups2datalad.py Adding URL https://dandiarchive.s3.amazonaws.com/girder-assetstore/d2/7c/d27c7ee364e345f0869ee616e185d472?versionId=4zWZDc_E976jZtn_Kxms4xJEfRPZomMb to asset
2020-10-21T13:45:42-0400 [INFO    ] backups2datalad.py Syncing asset /sub-anm106213/sub-anm106213_ses-20101214_behavior+icephys.nwb
2020-10-21T13:45:42-0400 [WARNING ] backups2datalad.py Asset metadata does not include sha256 hash
2020-10-21T13:45:43-0400 [INFO    ] backups2datalad.py Asset not in dataset; will copy
2020-10-21T13:45:43-0400 [INFO    ] backups2datalad.py cp /mnt/backup/dandi/dandiarchive-s3-backup/girder-assetstore/37/cb/37cb65dd9b2147e4b2ba062dc1abe36b -> /mnt/backup/dandi/dandisets/000013/sub-anm106213/sub-anm106213_ses-20101214_behavior+icephys.nwb
2020-10-21T13:45:43-0400 [INFO    ] backups2datalad.py Adding asset to dataset
2020-10-21T13:45:44-0400 [INFO    ] backups2datalad.py Adding URL https://dandiarchive.s3.amazonaws.com/girder-assetstore/37/cb/37cb65dd9b2147e4b2ba062dc1abe36b?versionId=RTEHx0xiZNLknkGvrKhD6i3a_y_NYEfJ to asset
2020-10-21T13:45:44-0400 [INFO    ] backups2datalad.py Syncing asset /sub-anm106213/sub-anm106213_ses-20101215_obj-1copi4i_behavior+icephys.nwb
2020-10-21T13:45:44-0400 [WARNING ] backups2datalad.py Asset metadata does not include sha256 hash
2020-10-21T13:45:45-0400 [INFO    ] backups2datalad.py Asset not in dataset; will copy
2020-10-21T13:45:45-0400 [INFO    ] backups2datalad.py cp /mnt/backup/dandi/dandiarchive-s3-backup/girder-assetstore/46/57/4657e4a434ac43bbb0764a88c81ec76b -> /mnt/backup/dandi/dandisets/000013/sub-anm106213/sub-anm106213_ses-20101215_obj-1copi4i_behavior+icephys.nwb
2020-10-21T13:45:45-0400 [INFO    ] backups2datalad.py Adding asset to dataset
2020-10-21T13:45:47-0400 [INFO    ] backups2datalad.py Adding URL https://dandiarchive.s3.amazonaws.com/girder-assetstore/46/57/4657e4a434ac43bbb0764a88c81ec76b?versionId=PantcKRRpQ2sTBpsg8fT2UNc_n1HQ7mK to asset
2020-10-21T13:45:47-0400 [INFO    ] backups2datalad.py Syncing asset /sub-anm106213/sub-anm106213_ses-20101215_obj-1ykz3wz_behavior+icephys.nwb
2020-10-21T13:45:47-0400 [WARNING ] backups2datalad.py Asset metadata does not include sha256 hash
2020-10-21T13:45:48-0400 [INFO    ] backups2datalad.py Asset not in dataset; will copy
2020-10-21T13:45:48-0400 [INFO    ] backups2datalad.py cp /mnt/backup/dandi/dandiarchive-s3-backup/girder-assetstore/3b/18/3b1898d9951645bda580ba55e7e7b09c -> /mnt/backup/dandi/dandisets/000013/sub-anm106213/sub-anm106213_ses-20101215_obj-1ykz3wz_behavior+icephys.nwb
2020-10-21T13:45:48-0400 [INFO    ] backups2datalad.py Adding asset to dataset
2020-10-21T13:45:50-0400 [INFO    ] backups2datalad.py Adding URL https://dandiarchive.s3.amazonaws.com/girder-assetstore/3b/18/3b1898d9951645bda580ba55e7e7b09c?versionId=uVTCgUaEY4Py7AVIAaDFNy3WeWY3RyHU to asset
2020-10-21T13:45:50-0400 [INFO    ] backups2datalad.py Syncing asset /sub-anm131970/sub-anm131970_ses-20110511_behavior+icephys.nwb
2020-10-21T13:45:50-0400 [WARNING ] backups2datalad.py Asset metadata does not include sha256 hash
2020-10-21T13:45:51-0400 [INFO    ] backups2datalad.py Asset not in dataset; will copy
2020-10-21T13:45:51-0400 [INFO    ] backups2datalad.py cp /mnt/backup/dandi/dandiarchive-s3-backup/girder-assetstore/1d/62/1d62347d0e414ac2b1149c28709a9b55 -> /mnt/backup/dandi/dandisets/000013/sub-anm131970/sub-anm131970_ses-20110511_behavior+icephys.nwb
2020-10-21T13:45:51-0400 [INFO    ] backups2datalad.py Adding asset to dataset
2020-10-21T13:45:52-0400 [INFO    ] backups2datalad.py Adding URL https://dandiarchive.s3.amazonaws.com/girder-assetstore/1d/62/1d62347d0e414ac2b1149c28709a9b55?versionId=g4OkdFCHiCtxMIdvXocKENy9lSOvGpzC to asset
2020-10-21T13:45:52-0400 [INFO    ] backups2datalad.py Syncing asset /sub-anm134333/sub-anm134333_ses-20110601_behavior+icephys.nwb
2020-10-21T13:45:52-0400 [WARNING ] backups2datalad.py Asset metadata does not include sha256 hash
2020-10-21T13:45:53-0400 [INFO    ] backups2datalad.py Asset not in dataset; will copy
2020-10-21T13:45:53-0400 [INFO    ] backups2datalad.py cp /mnt/backup/dandi/dandiarchive-s3-backup/girder-assetstore/1d/4a/1d4a7478b6824f0eae86060126c720f9 -> /mnt/backup/dandi/dandisets/000013/sub-anm134333/sub-anm134333_ses-20110601_behavior+icephys.nwb
2020-10-21T13:45:53-0400 [INFO    ] backups2datalad.py Adding asset to dataset
2020-10-21T13:45:54-0400 [INFO    ] backups2datalad.py Adding URL https://dandiarchive.s3.amazonaws.com/girder-assetstore/1d/4a/1d4a7478b6824f0eae86060126c720f9?versionId=irvv6WpUWUHE9DmykSxqex.KBd_Fg.EV to asset
2020-10-21T13:45:54-0400 [INFO    ] backups2datalad.py Syncing asset /sub-anm134333/sub-anm134333_ses-20110606_behavior+icephys.nwb
2020-10-21T13:45:54-0400 [WARNING ] backups2datalad.py Asset metadata does not include sha256 hash
2020-10-21T13:45:55-0400 [INFO    ] backups2datalad.py Asset not in dataset; will copy
2020-10-21T13:45:55-0400 [INFO    ] backups2datalad.py cp /mnt/backup/dandi/dandiarchive-s3-backup/girder-assetstore/26/38/26386bdf1b4b439a88c265517fdd132d -> /mnt/backup/dandi/dandisets/000013/sub-anm134333/sub-anm134333_ses-20110606_behavior+icephys.nwb
2020-10-21T13:45:55-0400 [INFO    ] backups2datalad.py Adding asset to dataset
2020-10-21T13:45:56-0400 [INFO    ] backups2datalad.py Adding URL https://dandiarchive.s3.amazonaws.com/girder-assetstore/26/38/26386bdf1b4b439a88c265517fdd132d?versionId=ucITVTAFFOTL31iOcN5WyY9RV5hl8gtn to asset
2020-10-21T13:45:56-0400 [INFO    ] backups2datalad.py Syncing asset /sub-anm134333/sub-anm134333_ses-20110607_behavior+icephys.nwb
2020-10-21T13:45:56-0400 [WARNING ] backups2datalad.py Asset metadata does not include sha256 hash
2020-10-21T13:45:57-0400 [INFO    ] backups2datalad.py Asset not in dataset; will copy
2020-10-21T13:45:57-0400 [INFO    ] backups2datalad.py cp /mnt/backup/dandi/dandiarchive-s3-backup/girder-assetstore/3a/de/3adec969bfaf49cdad6c024ef1305c15 -> /mnt/backup/dandi/dandisets/000013/sub-anm134333/sub-anm134333_ses-20110607_behavior+icephys.nwb
2020-10-21T13:45:57-0400 [INFO    ] backups2datalad.py Adding asset to dataset
2020-10-21T13:46:00-0400 [INFO    ] backups2datalad.py Adding URL https://dandiarchive.s3.amazonaws.com/girder-assetstore/3a/de/3adec969bfaf49cdad6c024ef1305c15?versionId=_1uyZuwon_yCwRTQe5gdqSOInhxcH5FQ to asset
2020-10-21T13:46:01-0400 [INFO    ] backups2datalad.py Syncing asset /sub-anm17702/sub-anm17702_ses-20100430_behavior+icephys.nwb
2020-10-21T13:46:01-0400 [WARNING ] backups2datalad.py Asset metadata does not include sha256 hash
2020-10-21T13:46:01-0400 [INFO    ] backups2datalad.py Asset not in dataset; will copy
2020-10-21T13:46:01-0400 [INFO    ] backups2datalad.py cp /mnt/backup/dandi/dandiarchive-s3-backup/girder-assetstore/4f/77/4f7714d978c149af87cf77810acb675d -> /mnt/backup/dandi/dandisets/000013/sub-anm17702/sub-anm17702_ses-20100430_behavior+icephys.nwb
2020-10-21T13:46:01-0400 [INFO    ] backups2datalad.py Adding asset to dataset
2020-10-21T13:46:02-0400 [INFO    ] backups2datalad.py Adding URL https://dandiarchive.s3.amazonaws.com/girder-assetstore/4f/77/4f7714d978c149af87cf77810acb675d?versionId=AvjZlLGLeXlH82gB6c7JGo8xLAWbzV7b to asset
2020-10-21T13:46:03-0400 [INFO    ] backups2datalad.py Syncing asset /sub-anm17702/sub-anm17702_ses-20100507_behavior+icephys.nwb
2020-10-21T13:46:03-0400 [WARNING ] backups2datalad.py Asset metadata does not include sha256 hash
2020-10-21T13:46:03-0400 [INFO    ] backups2datalad.py Asset not in dataset; will copy
2020-10-21T13:46:03-0400 [INFO    ] backups2datalad.py cp /mnt/backup/dandi/dandiarchive-s3-backup/girder-assetstore/b0/36/b036561990954f2f807531cfac2f8023 -> /mnt/backup/dandi/dandisets/000013/sub-anm17702/sub-anm17702_ses-20100507_behavior+icephys.nwb
2020-10-21T13:46:03-0400 [INFO    ] backups2datalad.py Adding asset to dataset
2020-10-21T13:46:06-0400 [INFO    ] backups2datalad.py Adding URL https://dandiarchive.s3.amazonaws.com/girder-assetstore/b0/36/b036561990954f2f807531cfac2f8023?versionId=CIYiAAJ.WskS2ljCeEAB6Ahd7YsKqU0w to asset
2020-10-21T13:46:06-0400 [INFO    ] backups2datalad.py Syncing asset /sub-anm211295/sub-anm211295_ses-20131015_behavior+icephys+ogen.nwb
2020-10-21T13:46:06-0400 [WARNING ] backups2datalad.py Asset metadata does not include sha256 hash
2020-10-21T13:46:06-0400 [INFO    ] backups2datalad.py Asset not in dataset; will copy
2020-10-21T13:46:06-0400 [INFO    ] backups2datalad.py cp /mnt/backup/dandi/dandiarchive-s3-backup/girder-assetstore/cb/12/cb127e2304fd413585a5ead4efcd0155 -> /mnt/backup/dandi/dandisets/000013/sub-anm211295/sub-anm211295_ses-20131015_behavior+icephys+ogen.nwb
2020-10-21T13:46:06-0400 [INFO    ] backups2datalad.py Adding asset to dataset
2020-10-21T13:46:08-0400 [INFO    ] backups2datalad.py Adding URL https://dandiarchive.s3.amazonaws.com/girder-assetstore/cb/12/cb127e2304fd413585a5ead4efcd0155?versionId=cQWtmhN5WO9VI.6BDN7thhjKuRT0a9Lo to asset
2020-10-21T13:46:09-0400 [INFO    ] backups2datalad.py Syncing asset /sub-anm215592/sub-anm215592_ses-20131015_obj-8s1awh_behavior+icephys+ogen.nwb
2020-10-21T13:46:09-0400 [WARNING ] backups2datalad.py Asset metadata does not include sha256 hash
2020-10-21T13:46:09-0400 [INFO    ] backups2datalad.py Asset not in dataset; will copy
2020-10-21T13:46:09-0400 [INFO    ] backups2datalad.py cp /mnt/backup/dandi/dandiarchive-s3-backup/girder-assetstore/44/cc/44cc2b6337a24c02bf91ba4d90c9fdbc -> /mnt/backup/dandi/dandisets/000013/sub-anm215592/sub-anm215592_ses-20131015_obj-8s1awh_behavior+icephys+ogen.nwb
2020-10-21T13:46:09-0400 [INFO    ] backups2datalad.py Adding asset to dataset
2020-10-21T13:46:10-0400 [INFO    ] backups2datalad.py Adding URL https://dandiarchive.s3.amazonaws.com/girder-assetstore/44/cc/44cc2b6337a24c02bf91ba4d90c9fdbc?versionId=cploFBJ1pfOJZLFNUkWq3mXYS9LB1zdX to asset
2020-10-21T13:46:11-0400 [INFO    ] backups2datalad.py Syncing asset /sub-anm215592/sub-anm215592_ses-20131015_obj-odx8px_behavior+icephys+ogen.nwb
2020-10-21T13:46:11-0400 [WARNING ] backups2datalad.py Asset metadata does not include sha256 hash
2020-10-21T13:46:11-0400 [INFO    ] backups2datalad.py Asset not in dataset; will copy
2020-10-21T13:46:11-0400 [INFO    ] backups2datalad.py cp /mnt/backup/dandi/dandiarchive-s3-backup/girder-assetstore/bc/3f/bc3f1d0fdcea46eaa4340ff7358e02fa -> /mnt/backup/dandi/dandisets/000013/sub-anm215592/sub-anm215592_ses-20131015_obj-odx8px_behavior+icephys+ogen.nwb
2020-10-21T13:46:11-0400 [INFO    ] backups2datalad.py Adding asset to dataset
2020-10-21T13:46:12-0400 [INFO    ] backups2datalad.py Adding URL https://dandiarchive.s3.amazonaws.com/girder-assetstore/bc/3f/bc3f1d0fdcea46eaa4340ff7358e02fa?versionId=K8MDFYTe2dQa1cbFtpayIJ0cftnQzPFH to asset
2020-10-21T13:46:13-0400 [INFO    ] backups2datalad.py Syncing asset /sub-anm215592/sub-anm215592_ses-20131017_behavior+icephys+ogen.nwb
2020-10-21T13:46:13-0400 [WARNING ] backups2datalad.py Asset metadata does not include sha256 hash
2020-10-21T13:46:13-0400 [INFO    ] backups2datalad.py Asset not in dataset; will copy
2020-10-21T13:46:13-0400 [INFO    ] backups2datalad.py cp /mnt/backup/dandi/dandiarchive-s3-backup/girder-assetstore/15/59/155958e0879a4d599e917978512ab222 -> /mnt/backup/dandi/dandisets/000013/sub-anm215592/sub-anm215592_ses-20131017_behavior+icephys+ogen.nwb
2020-10-21T13:46:13-0400 [INFO    ] backups2datalad.py Adding asset to dataset
2020-10-21T13:46:16-0400 [INFO    ] backups2datalad.py Adding URL https://dandiarchive.s3.amazonaws.com/girder-assetstore/15/59/155958e0879a4d599e917978512ab222?versionId=98lG9Tz0csZ3LZVLSr38R4sGZW_KPwN8 to asset
2020-10-21T13:46:16-0400 [INFO    ] backups2datalad.py Syncing asset /sub-anm215592/sub-anm215592_ses-20131023_behavior+icephys+ogen.nwb
2020-10-21T13:46:16-0400 [WARNING ] backups2datalad.py Asset metadata does not include sha256 hash
2020-10-21T13:46:16-0400 [INFO    ] backups2datalad.py Asset not in dataset; will copy
2020-10-21T13:46:16-0400 [INFO    ] backups2datalad.py cp /mnt/backup/dandi/dandiarchive-s3-backup/girder-assetstore/4c/95/4c95c72aec384635aa8f3c364035778c -> /mnt/backup/dandi/dandisets/000013/sub-anm215592/sub-anm215592_ses-20131023_behavior+icephys+ogen.nwb
2020-10-21T13:46:16-0400 [INFO    ] backups2datalad.py Adding asset to dataset
2020-10-21T13:46:20-0400 [INFO    ] backups2datalad.py Adding URL https://dandiarchive.s3.amazonaws.com/girder-assetstore/4c/95/4c95c72aec384635aa8f3c364035778c?versionId=F9ILRwO8B0JzmvIT4YgA.w8R1rzNMyGc to asset
2020-10-21T13:46:20-0400 [INFO    ] backups2datalad.py Syncing asset /sub-anm217330/sub-anm217330_ses-20131126_behavior+icephys+ogen.nwb
2020-10-21T13:46:20-0400 [WARNING ] backups2datalad.py Asset metadata does not include sha256 hash
2020-10-21T13:46:20-0400 [INFO    ] backups2datalad.py Asset not in dataset; will copy
2020-10-21T13:46:20-0400 [INFO    ] backups2datalad.py cp /mnt/backup/dandi/dandiarchive-s3-backup/girder-assetstore/86/9d/869d7c01d8e94b9e844a0aed2ad96d5b -> /mnt/backup/dandi/dandisets/000013/sub-anm217330/sub-anm217330_ses-20131126_behavior+icephys+ogen.nwb
2020-10-21T13:46:20-0400 [INFO    ] backups2datalad.py Adding asset to dataset
2020-10-21T13:46:22-0400 [INFO    ] backups2datalad.py Adding URL https://dandiarchive.s3.amazonaws.com/girder-assetstore/86/9d/869d7c01d8e94b9e844a0aed2ad96d5b?versionId=hSma_GLjWiREM0jjNT_ZDkCy.1dTun5J to asset
2020-10-21T13:46:23-0400 [INFO    ] backups2datalad.py Syncing asset /sub-anm226692/sub-anm226692_ses-20140224_behavior+icephys+ogen.nwb
2020-10-21T13:46:23-0400 [WARNING ] backups2datalad.py Asset metadata does not include sha256 hash
2020-10-21T13:46:23-0400 [INFO    ] backups2datalad.py Asset not in dataset; will copy
2020-10-21T13:46:23-0400 [INFO    ] backups2datalad.py cp /mnt/backup/dandi/dandiarchive-s3-backup/girder-assetstore/9c/37/9c37c212e87b4bd69ac6e004122b2367 -> /mnt/backup/dandi/dandisets/000013/sub-anm226692/sub-anm226692_ses-20140224_behavior+icephys+ogen.nwb
2020-10-21T13:46:23-0400 [INFO    ] backups2datalad.py Adding asset to dataset
2020-10-21T13:46:26-0400 [INFO    ] backups2datalad.py Adding URL https://dandiarchive.s3.amazonaws.com/girder-assetstore/9c/37/9c37c212e87b4bd69ac6e004122b2367?versionId=0fNNbWx0LhL.HvLF2vsjGb9CPuGGG8OO to asset
2020-10-21T13:46:27-0400 [INFO    ] backups2datalad.py Syncing asset /sub-anm226694/sub-anm226694_ses-20140222_obj-1noi7y3_behavior+icephys+ogen.nwb
2020-10-21T13:46:27-0400 [WARNING ] backups2datalad.py Asset metadata does not include sha256 hash
2020-10-21T13:46:27-0400 [INFO    ] backups2datalad.py Asset not in dataset; will copy
2020-10-21T13:46:27-0400 [INFO    ] backups2datalad.py cp /mnt/backup/dandi/dandiarchive-s3-backup/girder-assetstore/a1/17/a117a49e5c34482496aef66d3f609358 -> /mnt/backup/dandi/dandisets/000013/sub-anm226694/sub-anm226694_ses-20140222_obj-1noi7y3_behavior+icephys+ogen.nwb
2020-10-21T13:46:27-0400 [INFO    ] backups2datalad.py Adding asset to dataset
2020-10-21T13:46:29-0400 [INFO    ] backups2datalad.py Adding URL https://dandiarchive.s3.amazonaws.com/girder-assetstore/a1/17/a117a49e5c34482496aef66d3f609358?versionId=yOeVY2SEqyPhLYbb8tNr1n1t65RtAfZg to asset
2020-10-21T13:46:29-0400 [INFO    ] backups2datalad.py Syncing asset /sub-anm226694/sub-anm226694_ses-20140222_obj-cj20ns_behavior+icephys+ogen.nwb
2020-10-21T13:46:29-0400 [WARNING ] backups2datalad.py Asset metadata does not include sha256 hash
2020-10-21T13:46:29-0400 [INFO    ] backups2datalad.py Asset not in dataset; will copy
2020-10-21T13:46:29-0400 [INFO    ] backups2datalad.py cp /mnt/backup/dandi/dandiarchive-s3-backup/girder-assetstore/8d/06/8d068f564afb4cd884858d07238e6698 -> /mnt/backup/dandi/dandisets/000013/sub-anm226694/sub-anm226694_ses-20140222_obj-cj20ns_behavior+icephys+ogen.nwb
2020-10-21T13:46:29-0400 [INFO    ] backups2datalad.py Adding asset to dataset
2020-10-21T13:46:31-0400 [INFO    ] backups2datalad.py Adding URL https://dandiarchive.s3.amazonaws.com/girder-assetstore/8d/06/8d068f564afb4cd884858d07238e6698?versionId=uAfrSuokewu5g.IrRXQSPi7hvz8KAwrL to asset
2020-10-21T13:46:31-0400 [INFO    ] backups2datalad.py Syncing asset /sub-anm226694/sub-anm226694_ses-20140225_behavior+icephys+ogen.nwb
2020-10-21T13:46:31-0400 [WARNING ] backups2datalad.py Asset metadata does not include sha256 hash
2020-10-21T13:46:31-0400 [INFO    ] backups2datalad.py Asset not in dataset; will copy
2020-10-21T13:46:31-0400 [INFO    ] backups2datalad.py cp /mnt/backup/dandi/dandiarchive-s3-backup/girder-assetstore/8b/18/8b18b7e59dc446fd98932c9e2f3551ca -> /mnt/backup/dandi/dandisets/000013/sub-anm226694/sub-anm226694_ses-20140225_behavior+icephys+ogen.nwb
2020-10-21T13:46:31-0400 [INFO    ] backups2datalad.py Adding asset to dataset
2020-10-21T13:46:33-0400 [INFO    ] backups2datalad.py Adding URL https://dandiarchive.s3.amazonaws.com/girder-assetstore/8b/18/8b18b7e59dc446fd98932c9e2f3551ca?versionId=y7OPOz9dE7wCq1H3tHvLcVGoZEacBuVS to asset
2020-10-21T13:46:34-0400 [INFO    ] backups2datalad.py Syncing asset /sub-anm226695/sub-anm226695_ses-20140224_obj-1d0uka0_behavior+icephys+ogen.nwb
2020-10-21T13:46:34-0400 [WARNING ] backups2datalad.py Asset metadata does not include sha256 hash
2020-10-21T13:46:34-0400 [INFO    ] backups2datalad.py Asset not in dataset; will copy
2020-10-21T13:46:34-0400 [INFO    ] backups2datalad.py cp /mnt/backup/dandi/dandiarchive-s3-backup/girder-assetstore/83/da/83da156731654937951f09ba0a25446c -> /mnt/backup/dandi/dandisets/000013/sub-anm226695/sub-anm226695_ses-20140224_obj-1d0uka0_behavior+icephys+ogen.nwb
2020-10-21T13:46:34-0400 [INFO    ] backups2datalad.py Adding asset to dataset
2020-10-21T13:46:35-0400 [INFO    ] backups2datalad.py Adding URL https://dandiarchive.s3.amazonaws.com/girder-assetstore/83/da/83da156731654937951f09ba0a25446c?versionId=07iSEWjQNTbyQvOqypkipizuRtuXI67M to asset
2020-10-21T13:46:35-0400 [INFO    ] backups2datalad.py Syncing asset /sub-anm226695/sub-anm226695_ses-20140224_obj-y42tpg_behavior+icephys+ogen.nwb
2020-10-21T13:46:35-0400 [WARNING ] backups2datalad.py Asset metadata does not include sha256 hash
2020-10-21T13:46:36-0400 [INFO    ] backups2datalad.py Asset not in dataset; will copy
2020-10-21T13:46:36-0400 [INFO    ] backups2datalad.py cp /mnt/backup/dandi/dandiarchive-s3-backup/girder-assetstore/e4/48/e448ab4ab2e94554ae6dba44f51921e6 -> /mnt/backup/dandi/dandisets/000013/sub-anm226695/sub-anm226695_ses-20140224_obj-y42tpg_behavior+icephys+ogen.nwb
2020-10-21T13:46:36-0400 [INFO    ] backups2datalad.py Adding asset to dataset
2020-10-21T13:46:37-0400 [INFO    ] backups2datalad.py Adding URL https://dandiarchive.s3.amazonaws.com/girder-assetstore/e4/48/e448ab4ab2e94554ae6dba44f51921e6?versionId=AQa.Z.raUqWGZOyNP0aLWk2JmOnyEpOQ to asset
2020-10-21T13:46:38-0400 [INFO    ] backups2datalad.py Syncing asset /sub-anm226695/sub-anm226695_ses-20140225_behavior+icephys+ogen.nwb
2020-10-21T13:46:38-0400 [WARNING ] backups2datalad.py Asset metadata does not include sha256 hash
2020-10-21T13:46:38-0400 [INFO    ] backups2datalad.py Asset not in dataset; will copy
2020-10-21T13:46:38-0400 [INFO    ] backups2datalad.py cp /mnt/backup/dandi/dandiarchive-s3-backup/girder-assetstore/bf/2d/bf2d19cad41349b4ab2defec10b228e6 -> /mnt/backup/dandi/dandisets/000013/sub-anm226695/sub-anm226695_ses-20140225_behavior+icephys+ogen.nwb
2020-10-21T13:46:38-0400 [INFO    ] backups2datalad.py Adding asset to dataset
2020-10-21T13:46:39-0400 [INFO    ] backups2datalad.py Adding URL https://dandiarchive.s3.amazonaws.com/girder-assetstore/bf/2d/bf2d19cad41349b4ab2defec10b228e6?versionId=9UfL.25EJ1d4rAIBtqH9RuJ4.u9Uh5WT to asset
2020-10-21T13:46:40-0400 [INFO    ] backups2datalad.py Syncing asset /sub-anm234230/sub-anm234230_ses-20140119_behavior+icephys+ogen.nwb
2020-10-21T13:46:40-0400 [WARNING ] backups2datalad.py Asset metadata does not include sha256 hash
2020-10-21T13:46:40-0400 [INFO    ] backups2datalad.py Asset not in dataset; will copy
2020-10-21T13:46:40-0400 [INFO    ] backups2datalad.py cp /mnt/backup/dandi/dandiarchive-s3-backup/girder-assetstore/69/da/69da926437924da7a914aba159543dbd -> /mnt/backup/dandi/dandisets/000013/sub-anm234230/sub-anm234230_ses-20140119_behavior+icephys+ogen.nwb
2020-10-21T13:46:40-0400 [INFO    ] backups2datalad.py Adding asset to dataset
2020-10-21T13:46:41-0400 [INFO    ] backups2datalad.py Adding URL https://dandiarchive.s3.amazonaws.com/girder-assetstore/69/da/69da926437924da7a914aba159543dbd?versionId=h0g3UJ3kOg1FSvrQ.bXaiwcBPg73J7Rx to asset
2020-10-21T13:46:42-0400 [INFO    ] backups2datalad.py Syncing asset /sub-anm234231/sub-anm234231_ses-20140126_behavior+icephys+ogen.nwb
2020-10-21T13:46:42-0400 [WARNING ] backups2datalad.py Asset metadata does not include sha256 hash
2020-10-21T13:46:42-0400 [INFO    ] backups2datalad.py Asset not in dataset; will copy
2020-10-21T13:46:42-0400 [INFO    ] backups2datalad.py cp /mnt/backup/dandi/dandiarchive-s3-backup/girder-assetstore/09/89/0989082f60054559956001bde5c700ba -> /mnt/backup/dandi/dandisets/000013/sub-anm234231/sub-anm234231_ses-20140126_behavior+icephys+ogen.nwb
2020-10-21T13:46:42-0400 [INFO    ] backups2datalad.py Adding asset to dataset
2020-10-21T13:46:43-0400 [INFO    ] backups2datalad.py Adding URL https://dandiarchive.s3.amazonaws.com/girder-assetstore/09/89/0989082f60054559956001bde5c700ba?versionId=V2a2cxIaDnRzrt6.oYjg9wZ46pVKYi9a to asset
2020-10-21T13:46:44-0400 [INFO    ] backups2datalad.py Syncing asset /sub-anm234232/sub-anm234232_ses-20140108_behavior+icephys+ogen.nwb
2020-10-21T13:46:44-0400 [WARNING ] backups2datalad.py Asset metadata does not include sha256 hash
2020-10-21T13:46:44-0400 [INFO    ] backups2datalad.py Asset not in dataset; will copy
2020-10-21T13:46:44-0400 [INFO    ] backups2datalad.py cp /mnt/backup/dandi/dandiarchive-s3-backup/girder-assetstore/97/d2/97d25436d7104f869b0d7b7812c6e42c -> /mnt/backup/dandi/dandisets/000013/sub-anm234232/sub-anm234232_ses-20140108_behavior+icephys+ogen.nwb
2020-10-21T13:46:44-0400 [INFO    ] backups2datalad.py Adding asset to dataset
2020-10-21T13:46:45-0400 [INFO    ] backups2datalad.py Adding URL https://dandiarchive.s3.amazonaws.com/girder-assetstore/97/d2/97d25436d7104f869b0d7b7812c6e42c?versionId=h5BBp2HBMjPaFp93QyosafFBPuqCwuWf to asset
2020-10-21T13:46:46-0400 [INFO    ] backups2datalad.py Syncing asset /sub-anm244024/sub-anm244024_ses-20141111_behavior+icephys+ogen.nwb
2020-10-21T13:46:46-0400 [WARNING ] backups2datalad.py Asset metadata does not include sha256 hash
2020-10-21T13:46:46-0400 [INFO    ] backups2datalad.py Asset not in dataset; will copy
2020-10-21T13:46:46-0400 [INFO    ] backups2datalad.py cp /mnt/backup/dandi/dandiarchive-s3-backup/girder-assetstore/f0/16/f0166f0fabc646cdb5a2f99842b49ba4 -> /mnt/backup/dandi/dandisets/000013/sub-anm244024/sub-anm244024_ses-20141111_behavior+icephys+ogen.nwb
2020-10-21T13:46:46-0400 [INFO    ] backups2datalad.py Adding asset to dataset
2020-10-21T13:46:47-0400 [INFO    ] backups2datalad.py Adding URL https://dandiarchive.s3.amazonaws.com/girder-assetstore/f0/16/f0166f0fabc646cdb5a2f99842b49ba4?versionId=1DV_W.xsmmSsiPSZGlEiIRcO2r1G0zwT to asset
2020-10-21T13:46:47-0400 [INFO    ] backups2datalad.py Syncing asset /sub-anm244024/sub-anm244024_ses-20141112_obj-1otlhm2_behavior+icephys+ogen.nwb
2020-10-21T13:46:47-0400 [WARNING ] backups2datalad.py Asset metadata does not include sha256 hash
2020-10-21T13:46:47-0400 [INFO    ] backups2datalad.py Asset not in dataset; will copy
2020-10-21T13:46:47-0400 [INFO    ] backups2datalad.py cp /mnt/backup/dandi/dandiarchive-s3-backup/girder-assetstore/00/d7/00d78044d7004d56b2f313a0d485aedf -> /mnt/backup/dandi/dandisets/000013/sub-anm244024/sub-anm244024_ses-20141112_obj-1otlhm2_behavior+icephys+ogen.nwb
2020-10-21T13:46:47-0400 [INFO    ] backups2datalad.py Adding asset to dataset
2020-10-21T13:46:48-0400 [INFO    ] backups2datalad.py Adding URL https://dandiarchive.s3.amazonaws.com/girder-assetstore/00/d7/00d78044d7004d56b2f313a0d485aedf?versionId=qh4pj6gwMGGlztdF3W6Gab4vr1A8Ivfx to asset
2020-10-21T13:46:48-0400 [INFO    ] backups2datalad.py Syncing asset /sub-anm244024/sub-anm244024_ses-20141112_obj-8tj80c_behavior+icephys+ogen.nwb
2020-10-21T13:46:48-0400 [WARNING ] backups2datalad.py Asset metadata does not include sha256 hash
2020-10-21T13:46:48-0400 [INFO    ] backups2datalad.py Asset not in dataset; will copy
2020-10-21T13:46:48-0400 [INFO    ] backups2datalad.py cp /mnt/backup/dandi/dandiarchive-s3-backup/girder-assetstore/c8/02/c8027deac61e45c992d8ebe89f99dee0 -> /mnt/backup/dandi/dandisets/000013/sub-anm244024/sub-anm244024_ses-20141112_obj-8tj80c_behavior+icephys+ogen.nwb
2020-10-21T13:46:48-0400 [INFO    ] backups2datalad.py Adding asset to dataset
2020-10-21T13:46:50-0400 [INFO    ] backups2datalad.py Adding URL https://dandiarchive.s3.amazonaws.com/girder-assetstore/c8/02/c8027deac61e45c992d8ebe89f99dee0?versionId=CNCjtV4CSP_dJkqqK_Bl20gUVXSzSRBK to asset
2020-10-21T13:46:50-0400 [INFO    ] backups2datalad.py Syncing asset /sub-anm244024/sub-anm244024_ses-20141112_obj-jyoa6b_behavior+icephys+ogen.nwb
2020-10-21T13:46:50-0400 [WARNING ] backups2datalad.py Asset metadata does not include sha256 hash
2020-10-21T13:46:51-0400 [INFO    ] backups2datalad.py Asset not in dataset; will copy
2020-10-21T13:46:51-0400 [INFO    ] backups2datalad.py cp /mnt/backup/dandi/dandiarchive-s3-backup/girder-assetstore/3c/ca/3cca6eaab08e461e9060392be5169601 -> /mnt/backup/dandi/dandisets/000013/sub-anm244024/sub-anm244024_ses-20141112_obj-jyoa6b_behavior+icephys+ogen.nwb
2020-10-21T13:46:51-0400 [INFO    ] backups2datalad.py Adding asset to dataset
2020-10-21T13:46:51-0400 [INFO    ] backups2datalad.py Adding URL https://dandiarchive.s3.amazonaws.com/girder-assetstore/3c/ca/3cca6eaab08e461e9060392be5169601?versionId=ZxeL7LECIohl2Ni8z5Xptk.X0NTJyxGN to asset
2020-10-21T13:46:51-0400 [INFO    ] backups2datalad.py Syncing asset /sub-anm244025/sub-anm244025_ses-20141026_obj-1q7bmz0_behavior+icephys+ogen.nwb
2020-10-21T13:46:51-0400 [WARNING ] backups2datalad.py Asset metadata does not include sha256 hash
2020-10-21T13:46:52-0400 [INFO    ] backups2datalad.py Asset not in dataset; will copy
2020-10-21T13:46:52-0400 [INFO    ] backups2datalad.py cp /mnt/backup/dandi/dandiarchive-s3-backup/girder-assetstore/ac/ca/acca90ba11fd4250a75f58bf95553be2 -> /mnt/backup/dandi/dandisets/000013/sub-anm244025/sub-anm244025_ses-20141026_obj-1q7bmz0_behavior+icephys+ogen.nwb
2020-10-21T13:46:52-0400 [INFO    ] backups2datalad.py Adding asset to dataset
2020-10-21T13:46:53-0400 [INFO    ] backups2datalad.py Adding URL https://dandiarchive.s3.amazonaws.com/girder-assetstore/ac/ca/acca90ba11fd4250a75f58bf95553be2?versionId=RXeNfvWAQHplQ_kHn.Wc.aU9MiVGU_Ay to asset
2020-10-21T13:46:53-0400 [INFO    ] backups2datalad.py Syncing asset /sub-anm244025/sub-anm244025_ses-20141026_obj-gspsia_behavior+icephys+ogen.nwb
2020-10-21T13:46:53-0400 [WARNING ] backups2datalad.py Asset metadata does not include sha256 hash
2020-10-21T13:46:54-0400 [INFO    ] backups2datalad.py Asset not in dataset; will copy
2020-10-21T13:46:54-0400 [INFO    ] backups2datalad.py cp /mnt/backup/dandi/dandiarchive-s3-backup/girder-assetstore/ed/2f/ed2f445ea4cd4ca0a9cd22485d36a4f0 -> /mnt/backup/dandi/dandisets/000013/sub-anm244025/sub-anm244025_ses-20141026_obj-gspsia_behavior+icephys+ogen.nwb
2020-10-21T13:46:54-0400 [INFO    ] backups2datalad.py Adding asset to dataset
2020-10-21T13:46:54-0400 [INFO    ] backups2datalad.py Adding URL https://dandiarchive.s3.amazonaws.com/girder-assetstore/ed/2f/ed2f445ea4cd4ca0a9cd22485d36a4f0?versionId=adK4kKMH_wvFASRajepq4foJhfZ4IHhS to asset
2020-10-21T13:46:55-0400 [INFO    ] backups2datalad.py Syncing asset /sub-anm244028/sub-anm244028_ses-20141021_obj-15ygrjz_behavior+icephys+ogen.nwb
2020-10-21T13:46:55-0400 [WARNING ] backups2datalad.py Asset metadata does not include sha256 hash
2020-10-21T13:46:55-0400 [INFO    ] backups2datalad.py Asset not in dataset; will copy
2020-10-21T13:46:55-0400 [INFO    ] backups2datalad.py cp /mnt/backup/dandi/dandiarchive-s3-backup/girder-assetstore/cf/af/cfaf62ccdafc42079bf0e9d0eadcd7c4 -> /mnt/backup/dandi/dandisets/000013/sub-anm244028/sub-anm244028_ses-20141021_obj-15ygrjz_behavior+icephys+ogen.nwb
2020-10-21T13:46:55-0400 [INFO    ] backups2datalad.py Adding asset to dataset
2020-10-21T13:46:56-0400 [INFO    ] backups2datalad.py Adding URL https://dandiarchive.s3.amazonaws.com/girder-assetstore/cf/af/cfaf62ccdafc42079bf0e9d0eadcd7c4?versionId=WlXzAKNx4V4vkhlude9MFWPeWPTz.sGJ to asset
2020-10-21T13:46:56-0400 [INFO    ] backups2datalad.py Syncing asset /sub-anm244028/sub-anm244028_ses-20141021_obj-1a5sqoc_behavior+icephys+ogen.nwb
2020-10-21T13:46:56-0400 [WARNING ] backups2datalad.py Asset metadata does not include sha256 hash
2020-10-21T13:46:56-0400 [INFO    ] backups2datalad.py Asset not in dataset; will copy
2020-10-21T13:46:56-0400 [INFO    ] backups2datalad.py cp /mnt/backup/dandi/dandiarchive-s3-backup/girder-assetstore/d3/79/d379734c89fb436293b18b55e92ea270 -> /mnt/backup/dandi/dandisets/000013/sub-anm244028/sub-anm244028_ses-20141021_obj-1a5sqoc_behavior+icephys+ogen.nwb
2020-10-21T13:46:56-0400 [INFO    ] backups2datalad.py Adding asset to dataset
2020-10-21T13:46:57-0400 [INFO    ] backups2datalad.py Adding URL https://dandiarchive.s3.amazonaws.com/girder-assetstore/d3/79/d379734c89fb436293b18b55e92ea270?versionId=gjtPG4Rjpcv01nLZ0Bg4JxwGMI_3KOiD to asset
2020-10-21T13:46:58-0400 [INFO    ] backups2datalad.py Syncing asset /sub-anm244028/sub-anm244028_ses-20141022_behavior+icephys+ogen.nwb
2020-10-21T13:46:58-0400 [WARNING ] backups2datalad.py Asset metadata does not include sha256 hash
2020-10-21T13:46:58-0400 [INFO    ] backups2datalad.py Asset not in dataset; will copy
2020-10-21T13:46:58-0400 [INFO    ] backups2datalad.py cp /mnt/backup/dandi/dandiarchive-s3-backup/girder-assetstore/9e/90/9e90394cb7c24f6e9f58c72b1f231254 -> /mnt/backup/dandi/dandisets/000013/sub-anm244028/sub-anm244028_ses-20141022_behavior+icephys+ogen.nwb
2020-10-21T13:46:58-0400 [INFO    ] backups2datalad.py Adding asset to dataset
2020-10-21T13:46:59-0400 [INFO    ] backups2datalad.py Adding URL https://dandiarchive.s3.amazonaws.com/girder-assetstore/9e/90/9e90394cb7c24f6e9f58c72b1f231254?versionId=Ev4i4IltsBqf7dksxo9UppiY7G3_nWU7 to asset
2020-10-21T13:46:59-0400 [INFO    ] backups2datalad.py Syncing asset /sub-anm266945/sub-anm266945_ses-20141221_behavior+icephys+ogen.nwb
2020-10-21T13:46:59-0400 [WARNING ] backups2datalad.py Asset metadata does not include sha256 hash
2020-10-21T13:46:59-0400 [INFO    ] backups2datalad.py Asset not in dataset; will copy
2020-10-21T13:46:59-0400 [INFO    ] backups2datalad.py cp /mnt/backup/dandi/dandiarchive-s3-backup/girder-assetstore/26/94/269419c3172f4d5381b8fee8083a79bc -> /mnt/backup/dandi/dandisets/000013/sub-anm266945/sub-anm266945_ses-20141221_behavior+icephys+ogen.nwb
2020-10-21T13:46:59-0400 [INFO    ] backups2datalad.py Adding asset to dataset
2020-10-21T13:47:00-0400 [INFO    ] backups2datalad.py Adding URL https://dandiarchive.s3.amazonaws.com/girder-assetstore/26/94/269419c3172f4d5381b8fee8083a79bc?versionId=69oe1rB1yz_4O19udhw8Ch9J8msIO465 to asset
2020-10-21T13:47:00-0400 [INFO    ] backups2datalad.py Syncing asset /sub-anm266945/sub-anm266945_ses-20141222_obj-14qffnp_behavior+icephys+ogen.nwb
2020-10-21T13:47:00-0400 [WARNING ] backups2datalad.py Asset metadata does not include sha256 hash
2020-10-21T13:47:01-0400 [INFO    ] backups2datalad.py Asset not in dataset; will copy
2020-10-21T13:47:01-0400 [INFO    ] backups2datalad.py cp /mnt/backup/dandi/dandiarchive-s3-backup/girder-assetstore/d6/9a/d69ad6629c2946e7a01ae913819172a8 -> /mnt/backup/dandi/dandisets/000013/sub-anm266945/sub-anm266945_ses-20141222_obj-14qffnp_behavior+icephys+ogen.nwb
2020-10-21T13:47:01-0400 [INFO    ] backups2datalad.py Adding asset to dataset
2020-10-21T13:47:02-0400 [INFO    ] backups2datalad.py Adding URL https://dandiarchive.s3.amazonaws.com/girder-assetstore/d6/9a/d69ad6629c2946e7a01ae913819172a8?versionId=jyeH63SZTYy3WCPP6sEohyvV.Zu6lenO to asset
2020-10-21T13:47:03-0400 [INFO    ] backups2datalad.py Syncing asset /sub-anm266945/sub-anm266945_ses-20141222_obj-1574tgg_behavior+icephys+ogen.nwb
2020-10-21T13:47:03-0400 [WARNING ] backups2datalad.py Asset metadata does not include sha256 hash
2020-10-21T13:47:03-0400 [INFO    ] backups2datalad.py Asset not in dataset; will copy
2020-10-21T13:47:03-0400 [INFO    ] backups2datalad.py cp /mnt/backup/dandi/dandiarchive-s3-backup/girder-assetstore/de/e0/dee046bc29c84b129c7508b71001ed67 -> /mnt/backup/dandi/dandisets/000013/sub-anm266945/sub-anm266945_ses-20141222_obj-1574tgg_behavior+icephys+ogen.nwb
2020-10-21T13:47:03-0400 [INFO    ] backups2datalad.py Adding asset to dataset
2020-10-21T13:47:03-0400 [INFO    ] backups2datalad.py Adding URL https://dandiarchive.s3.amazonaws.com/girder-assetstore/de/e0/dee046bc29c84b129c7508b71001ed67?versionId=RH6NRfyiJrnjfBRsg4AbTfchyapBG3Zb to asset
2020-10-21T13:47:04-0400 [INFO    ] backups2datalad.py Syncing asset /sub-anm266951/sub-anm266951_ses-20141201_obj-10p0o3z_behavior+icephys+ogen.nwb
2020-10-21T13:47:04-0400 [WARNING ] backups2datalad.py Asset metadata does not include sha256 hash
2020-10-21T13:47:04-0400 [INFO    ] backups2datalad.py Asset not in dataset; will copy
2020-10-21T13:47:04-0400 [INFO    ] backups2datalad.py cp /mnt/backup/dandi/dandiarchive-s3-backup/girder-assetstore/0b/c6/0bc6ae5b43704cb49f0ae0edb34451a1 -> /mnt/backup/dandi/dandisets/000013/sub-anm266951/sub-anm266951_ses-20141201_obj-10p0o3z_behavior+icephys+ogen.nwb
2020-10-21T13:47:04-0400 [INFO    ] backups2datalad.py Adding asset to dataset
2020-10-21T13:47:04-0400 [INFO    ] backups2datalad.py Adding URL https://dandiarchive.s3.amazonaws.com/girder-assetstore/0b/c6/0bc6ae5b43704cb49f0ae0edb34451a1?versionId=PGAj349JWHBMOf5EjZmos8MPhheA05i5 to asset
2020-10-21T13:47:05-0400 [INFO    ] backups2datalad.py Syncing asset /sub-anm266951/sub-anm266951_ses-20141201_obj-1i6vt6d_behavior+icephys+ogen.nwb
2020-10-21T13:47:05-0400 [WARNING ] backups2datalad.py Asset metadata does not include sha256 hash
2020-10-21T13:47:05-0400 [INFO    ] backups2datalad.py Asset not in dataset; will copy
2020-10-21T13:47:05-0400 [INFO    ] backups2datalad.py cp /mnt/backup/dandi/dandiarchive-s3-backup/girder-assetstore/ce/5f/ce5fffa7a2b34511b654b961b3bb636a -> /mnt/backup/dandi/dandisets/000013/sub-anm266951/sub-anm266951_ses-20141201_obj-1i6vt6d_behavior+icephys+ogen.nwb
2020-10-21T13:47:05-0400 [INFO    ] backups2datalad.py Adding asset to dataset
2020-10-21T13:47:06-0400 [INFO    ] backups2datalad.py Adding URL https://dandiarchive.s3.amazonaws.com/girder-assetstore/ce/5f/ce5fffa7a2b34511b654b961b3bb636a?versionId=83b0qOr3k2vO92zhwdfSkrOlM0SLJHOk to asset
2020-10-21T13:47:06-0400 [INFO    ] backups2datalad.py Syncing asset /sub-jf35892/sub-jf35892_ses-20100219_behavior+icephys.nwb
2020-10-21T13:47:06-0400 [WARNING ] backups2datalad.py Asset metadata does not include sha256 hash
2020-10-21T13:47:06-0400 [INFO    ] backups2datalad.py Asset not in dataset; will copy
2020-10-21T13:47:06-0400 [INFO    ] backups2datalad.py cp /mnt/backup/dandi/dandiarchive-s3-backup/girder-assetstore/a5/36/a5366e1dbfbd443d8abd7a68b21234aa -> /mnt/backup/dandi/dandisets/000013/sub-jf35892/sub-jf35892_ses-20100219_behavior+icephys.nwb
2020-10-21T13:47:06-0400 [INFO    ] backups2datalad.py Adding asset to dataset
2020-10-21T13:47:08-0400 [INFO    ] backups2datalad.py Adding URL https://dandiarchive.s3.amazonaws.com/girder-assetstore/a5/36/a5366e1dbfbd443d8abd7a68b21234aa?versionId=mOiCUPhIGYVgdyBaFYLlHT4EAYH00n1Z to asset
2020-10-21T13:47:08-0400 [INFO    ] backups2datalad.py Syncing asset /sub-jf35892/sub-jf35892_ses-20100308_behavior+icephys.nwb
2020-10-21T13:47:08-0400 [WARNING ] backups2datalad.py Asset metadata does not include sha256 hash
2020-10-21T13:47:08-0400 [INFO    ] backups2datalad.py Asset not in dataset; will copy
2020-10-21T13:47:08-0400 [INFO    ] backups2datalad.py cp /mnt/backup/dandi/dandiarchive-s3-backup/girder-assetstore/16/31/1631a78a2aa94325a90cf8d8906cbad2 -> /mnt/backup/dandi/dandisets/000013/sub-jf35892/sub-jf35892_ses-20100308_behavior+icephys.nwb
2020-10-21T13:47:08-0400 [INFO    ] backups2datalad.py Adding asset to dataset
2020-10-21T13:47:10-0400 [INFO    ] backups2datalad.py Adding URL https://dandiarchive.s3.amazonaws.com/girder-assetstore/16/31/1631a78a2aa94325a90cf8d8906cbad2?versionId=lOD0oKL42CAu.gtF5AIRDQ1gprBZQilk to asset
2020-10-21T13:47:10-0400 [INFO    ] backups2datalad.py Syncing asset /sub-jf35892/sub-jf35892_ses-20100310_behavior+icephys.nwb
2020-10-21T13:47:10-0400 [WARNING ] backups2datalad.py Asset metadata does not include sha256 hash
2020-10-21T13:47:11-0400 [INFO    ] backups2datalad.py Asset not in dataset; will copy
2020-10-21T13:47:11-0400 [INFO    ] backups2datalad.py cp /mnt/backup/dandi/dandiarchive-s3-backup/girder-assetstore/e6/5f/e65f44f17a5c4e4fa406707c0cd33da7 -> /mnt/backup/dandi/dandisets/000013/sub-jf35892/sub-jf35892_ses-20100310_behavior+icephys.nwb
2020-10-21T13:47:11-0400 [INFO    ] backups2datalad.py Adding asset to dataset
2020-10-21T13:47:13-0400 [INFO    ] backups2datalad.py Adding URL https://dandiarchive.s3.amazonaws.com/girder-assetstore/e6/5f/e65f44f17a5c4e4fa406707c0cd33da7?versionId=PF9xGpJ2CbCtsmBDg_NQzNcbI6WZbJ8T to asset
2020-10-21T13:47:14-0400 [INFO    ] backups2datalad.py Syncing asset /sub-jf35892/sub-jf35892_ses-20100311_behavior+icephys.nwb
2020-10-21T13:47:14-0400 [WARNING ] backups2datalad.py Asset metadata does not include sha256 hash
2020-10-21T13:47:14-0400 [INFO    ] backups2datalad.py Asset not in dataset; will copy
2020-10-21T13:47:14-0400 [INFO    ] backups2datalad.py cp /mnt/backup/dandi/dandiarchive-s3-backup/girder-assetstore/b6/14/b61456ef672c481ba689ee10e6e64b79 -> /mnt/backup/dandi/dandisets/000013/sub-jf35892/sub-jf35892_ses-20100311_behavior+icephys.nwb
2020-10-21T13:47:14-0400 [INFO    ] backups2datalad.py Adding asset to dataset
2020-10-21T13:47:15-0400 [INFO    ] backups2datalad.py Adding URL https://dandiarchive.s3.amazonaws.com/girder-assetstore/b6/14/b61456ef672c481ba689ee10e6e64b79?versionId=chay9MpqO_l.83YsbmJyev.k5wjtM62e to asset
2020-10-21T13:47:15-0400 [INFO    ] backups2datalad.py Syncing asset /sub-jf37166/sub-jf37166_ses-20100304_behavior+icephys.nwb
2020-10-21T13:47:15-0400 [WARNING ] backups2datalad.py Asset metadata does not include sha256 hash
2020-10-21T13:47:16-0400 [INFO    ] backups2datalad.py Asset not in dataset; will copy
2020-10-21T13:47:16-0400 [INFO    ] backups2datalad.py cp /mnt/backup/dandi/dandiarchive-s3-backup/girder-assetstore/b9/80/b9807da2bc3446dab81dda8d45300078 -> /mnt/backup/dandi/dandisets/000013/sub-jf37166/sub-jf37166_ses-20100304_behavior+icephys.nwb
2020-10-21T13:47:16-0400 [INFO    ] backups2datalad.py Adding asset to dataset
2020-10-21T13:47:17-0400 [INFO    ] backups2datalad.py Adding URL https://dandiarchive.s3.amazonaws.com/girder-assetstore/b9/80/b9807da2bc3446dab81dda8d45300078?versionId=rrsmaOZ7uBWjPi.ZWcYuXipFhK7QSYQS to asset
2020-10-21T13:47:17-0400 [INFO    ] backups2datalad.py Syncing asset /sub-jf42400/sub-jf42400_ses-20100612_behavior+icephys.nwb
2020-10-21T13:47:17-0400 [WARNING ] backups2datalad.py Asset metadata does not include sha256 hash
2020-10-21T13:47:18-0400 [INFO    ] backups2datalad.py Asset not in dataset; will copy
2020-10-21T13:47:18-0400 [INFO    ] backups2datalad.py cp /mnt/backup/dandi/dandiarchive-s3-backup/girder-assetstore/34/71/34710983b3804972a62e8c521d9dd9f6 -> /mnt/backup/dandi/dandisets/000013/sub-jf42400/sub-jf42400_ses-20100612_behavior+icephys.nwb
2020-10-21T13:47:18-0400 [INFO    ] backups2datalad.py Adding asset to dataset
2020-10-21T13:47:19-0400 [INFO    ] backups2datalad.py Adding URL https://dandiarchive.s3.amazonaws.com/girder-assetstore/34/71/34710983b3804972a62e8c521d9dd9f6?versionId=Z0ndGNcXY4xfdUmW5rj7KMX7GdQLDLDr to asset
2020-10-21T13:47:20-0400 [INFO    ] backups2datalad.py Syncing asset /sub-jf42400/sub-jf42400_ses-20100613_behavior+icephys.nwb
2020-10-21T13:47:20-0400 [WARNING ] backups2datalad.py Asset metadata does not include sha256 hash
2020-10-21T13:47:20-0400 [INFO    ] backups2datalad.py Asset not in dataset; will copy
2020-10-21T13:47:20-0400 [INFO    ] backups2datalad.py cp /mnt/backup/dandi/dandiarchive-s3-backup/girder-assetstore/76/4d/764df747adf0463ebf37fa21ce3022b3 -> /mnt/backup/dandi/dandisets/000013/sub-jf42400/sub-jf42400_ses-20100613_behavior+icephys.nwb
2020-10-21T13:47:20-0400 [INFO    ] backups2datalad.py Adding asset to dataset
2020-10-21T13:47:21-0400 [INFO    ] backups2datalad.py Adding URL https://dandiarchive.s3.amazonaws.com/girder-assetstore/76/4d/764df747adf0463ebf37fa21ce3022b3?versionId=BVoL3jqbZzMWdsGh7_YHDoZyc1yE_mL_ to asset
2020-10-21T13:47:21-0400 [INFO    ] backups2datalad.py Syncing asset /sub-jf42400/sub-jf42400_ses-20100615_behavior+icephys.nwb
2020-10-21T13:47:21-0400 [WARNING ] backups2datalad.py Asset metadata does not include sha256 hash
2020-10-21T13:47:22-0400 [INFO    ] backups2datalad.py Asset not in dataset; will copy
2020-10-21T13:47:22-0400 [INFO    ] backups2datalad.py cp /mnt/backup/dandi/dandiarchive-s3-backup/girder-assetstore/59/c7/59c7b93221a64396b0e9e935f2df306a -> /mnt/backup/dandi/dandisets/000013/sub-jf42400/sub-jf42400_ses-20100615_behavior+icephys.nwb
2020-10-21T13:47:22-0400 [INFO    ] backups2datalad.py Adding asset to dataset
2020-10-21T13:47:23-0400 [INFO    ] backups2datalad.py Adding URL https://dandiarchive.s3.amazonaws.com/girder-assetstore/59/c7/59c7b93221a64396b0e9e935f2df306a?versionId=71kFpOke5hjhHzZAWLEMA0NpCzy59jxI to asset
2020-10-21T13:47:23-0400 [INFO    ] backups2datalad.py Commiting changes
